<?xml version="1.0" encoding="UTF-8"?>
<testsuite name="CalculatorConundrumTest" tests="10" skipped="0" failures="0" errors="0" timestamp="2024-12-01T21:16:16" hostname="DESKTOP-2A3KQ5N" time="0.134">
  <properties/>
  <testcase name="The calculate method throws IllegalArgumentException when passing empty operation" classname="CalculatorConundrumTest" time="0.087"/>
  <testcase name="The calculate method returns the correct result when dividing small operands" classname="CalculatorConundrumTest" time="0.014"/>
  <testcase name="The calculate method throws IllegalArgumentException when passing null operation" classname="CalculatorConundrumTest" time="0.002"/>
  <testcase name="The calculate method throws IllegalOperationException when dividing by zero" classname="CalculatorConundrumTest" time="0.002"/>
  <testcase name="The calculate method returns the correct result when dividing large operands" classname="CalculatorConundrumTest" time="0.002"/>
  <testcase name="The calculate method returns the correct result when adding small operands" classname="CalculatorConundrumTest" time="0.001"/>
  <testcase name="The calculate method throws IllegalOperationException when passing invalid operation" classname="CalculatorConundrumTest" time="0.005"/>
  <testcase name="The calculate method returns the correct result when adding large operands" classname="CalculatorConundrumTest" time="0.001"/>
  <testcase name="The calculate method returns the correct result when multiplying small operands" classname="CalculatorConundrumTest" time="0.002"/>
  <testcase name="The calculate method returns the correct result when multiplying large operands" classname="CalculatorConundrumTest" time="0.002"/>
  <system-out><![CDATA[]]></system-out>
  <system-err><![CDATA[]]></system-err>
</testsuite>
