<?xml version="1.0" encoding="UTF-8"?>
<testsuite name="TwoferTest" tests="3" skipped="2" failures="0" errors="0" timestamp="2024-12-01T15:13:09" hostname="DESKTOP-2A3KQ5N" time="0.119">
  <properties/>
  <testcase name="noNameGiven()" classname="TwoferTest" time="0.112"/>
  <testcase name="aNameGiven()" classname="TwoferTest" time="0.001">
    <skipped/>
  </testcase>
  <testcase name="anotherNameGiven()" classname="TwoferTest" time="0.001">
    <skipped/>
  </testcase>
  <system-out><![CDATA[]]></system-out>
  <system-err><![CDATA[]]></system-err>
</testsuite>
